2025-02-18 10:36:23 - # --- BEGIN LOG --- 2025-02-18 10:36:23 --- #
2025-02-18 10:36:23 - 已设置 HTTPS 代理: http://127.0.0.1:1099
2025-02-18 10:36:23 - 正在从 Git 仓库拉取最新的 PAC 文件...
Already up to date.
2025-02-18 10:36:28 - PAC 文件 Git pull 完成。
2025-02-18 10:36:28 - 正在下载 sr_cnip_ad.conf 文件...
2025-02-18 10:36:30 - sr_cnip_ad.conf 文件下载完成。
2025-02-18 10:36:38 - Shadowrocket 规则已合并到 'sr_cnip_ad.conf' 并保存为 'sr_cnip_ad_custom.conf'
2025-02-18 10:36:38 - 已将自定义规则插入到 [Rule] 区块下方，并添加了 '#自定义规则' 备注。
2025-02-18 10:36:38 - 请检查新的配置文件 'sr_cnip_ad_custom.conf' 是否符合您的预期。
2025-02-18 10:36:38 - 开始执行 Git push...
Everything up-to-date
2025-02-18 10:36:42 - Git push 命令执行完成。
2025-02-18 10:36:42 - 脚本执行完毕，日志记录在 'update.log' 文件中。
2025-02-18 10:36:42 - # --- END LOG --- 2025-02-18 10:36:42 --- #
2025-02-18 10:48:41 - # --- BEGIN LOG --- 2025-02-18 10:48:41 --- #
2025-02-18 10:48:41 - 已设置 HTTPS 代理: http://127.0.0.1:1099
2025-02-18 10:48:41 - 正在从 Git 仓库拉取最新的 PAC 文件...
Already up to date.
2025-02-18 10:48:45 - PAC 文件 Git pull 完成。
2025-02-18 10:48:45 - 正在下载 sr_cnip_ad.conf 文件...
2025-02-18 10:48:56 - sr_cnip_ad.conf 文件下载完成。
2025-02-18 10:54:47 - # --- BEGIN LOG --- 2025-02-18 10:54:47 --- #
2025-02-18 10:54:47 - 已设置 HTTPS 代理: http://127.0.0.1:1099
2025-02-18 10:54:47 - 正在从 Git 仓库拉取最新的 PAC 文件...
Already up to date.
2025-02-18 10:54:52 - PAC 文件 Git pull 完成。
2025-02-18 10:54:52 - 正在下载 sr_cnip_ad.conf 文件...
2025-02-18 10:54:57 - sr_cnip_ad.conf 文件下载完成。
2025-02-18 10:55:06 - Shadowrocket 规则已合并到 'sr_cnip_ad.conf' 并保存为 'sr_cnip_ad_custom.conf'
2025-02-18 10:55:06 - 已将自定义规则插入到 [Rule] 区块下方，并添加了 '#自定义规则' 备注。
2025-02-18 10:55:06 - 请检查新的配置文件 'sr_cnip_ad_custom.conf' 是否符合您的预期。
2025-02-18 10:55:06 - 开始执行 Git push...
Everything up-to-date
2025-02-18 10:55:10 - Git push 命令执行完成。
2025-02-18 10:55:10 - 脚本执行完毕，日志记录在 'update.log' 文件中。
2025-02-18 10:55:10 - # --- END LOG --- 2025-02-18 10:55:10 --- #
2025-02-18 11:26:35 - # --- BEGIN LOG --- 2025-02-18 11:26:35 --- #
2025-02-18 11:26:35 - 已设置 HTTPS 代理: http://127.0.0.1:1099
2025-02-18 11:26:35 - 正在从 Git 仓库拉取最新的 PAC 文件...
Already up to date.
2025-02-18 11:26:40 - PAC 文件 Git pull 完成。
2025-02-18 11:26:40 - 正在下载 sr_cnip_ad.conf 文件...
2025-02-18 11:26:44 - sr_cnip_ad.conf 文件下载完成。
2025-02-18 11:28:32 - Shadowrocket 规则已合并到 'sr_cnip_ad.conf' 并保存为 'sr_cnip_ad_custom.conf'
2025-02-18 11:28:32 - 已将自定义规则插入到 [Rule] 区块下方，并添加了 '#自定义规则' 备注。
2025-02-18 11:28:32 - 请检查新的配置文件 'sr_cnip_ad_custom.conf' 是否符合您的预期。
2025-02-18 11:28:32 - 开始执行 Git push...
Everything up-to-date
2025-02-18 11:28:36 - Git push 命令执行完成。
2025-02-18 11:28:36 - 脚本执行完毕，日志记录在 'update.log' 文件中。
2025-02-18 11:28:36 - # --- END LOG --- 2025-02-18 11:28:36 --- #
2025-02-18 11:36:35 - # --- BEGIN LOG --- 2025-02-18 11:36:35 --- #
2025-02-18 11:36:35 - 已设置 HTTPS 代理: http://127.0.0.1:1099
2025-02-18 11:36:35 - 正在从 Git 仓库拉取最新的 PAC 文件...
Already up to date.
2025-02-18 11:36:40 - PAC 文件 Git pull 完成。
2025-02-18 11:36:40 - 正在下载 sr_cnip_ad.conf 文件...
2025-02-18 11:36:44 - sr_cnip_ad.conf 文件下载完成。
2025-02-18 11:38:51 - Shadowrocket 规则已合并到 'sr_cnip_ad.conf' 并保存为 'sr_cnip_ad_custom.conf'
2025-02-18 11:38:51 - 已将自定义规则插入到 [Rule] 区块下方，并添加了 '#自定义规则' 备注。
2025-02-18 11:38:51 - 请检查新的配置文件 'sr_cnip_ad_custom.conf' 是否符合您的预期。
2025-02-18 11:38:51 - 开始执行 Git push...
Everything up-to-date
2025-02-18 11:38:55 - Git push 命令执行完成。
2025-02-18 11:38:55 - 脚本执行完毕，日志记录在 'update.log' 文件中。
2025-02-18 11:38:55 - # --- END LOG --- 2025-02-18 11:38:55 --- #
2025-02-18 12:11:27 - # --- BEGIN LOG --- 2025-02-18 12:11:27 --- #
2025-02-18 12:11:27 - 已设置 HTTPS 代理: http://127.0.0.1:1099
2025-02-18 12:11:27 - 正在从 Git 仓库拉取最新的 PAC 文件...
Already up to date.
2025-02-18 12:11:31 - PAC 文件 Git pull 完成。
2025-02-18 12:11:31 - 正在下载 sr_cnip_ad.conf 文件...
2025-02-18 12:11:32 - sr_cnip_ad.conf 文件下载完成。
2025-02-18 12:13:43 - Shadowrocket 规则已合并到 'sr_cnip_ad.conf' 并保存为 'sr_cnip_ad_custom.conf'
2025-02-18 12:13:43 - 已将自定义规则插入到 [Rule] 区块下方，并添加了 '#自定义规则' 备注。
2025-02-18 12:13:43 - 请检查新的配置文件 'sr_cnip_ad_custom.conf' 是否符合您的预期。
2025-02-18 12:13:43 - 开始执行 Git push...
To github.com:maxwellxzy/pac
   f1c2d05..3083a9a  main -> main
2025-02-18 12:13:48 - Git push 命令执行完成。
2025-02-18 12:13:48 - 脚本执行完毕，日志记录在 'update.log' 文件中。
2025-02-18 12:13:48 - # --- END LOG --- 2025-02-18 12:13:48 --- #
Already up to date.
2025-02-18 13:38:12 - # --- BEGIN ADD DOMAIN LOG --- 2025-02-18 13:38:12 --- #
2025-02-18 13:38:12 - 检查域名teestabcde.com是否存在gfw2.pac中
2025-02-18 13:38:12 - 添加域名到直连
2025-02-18 13:38:12 - # --- END ADD DOMAIN LOG --- 2025-02-18 13:38:12 --- #
Already up to date.
2025-02-18 13:55:46 - # --- BEGIN ADD DOMAIN LOG --- 2025-02-18 13:55:46 --- #
2025-02-18 13:55:46 - 检查域名claw.cloud是否存在gfw2.pac中
2025-02-18 13:55:46 - 添加域名到代理
2025-02-18 13:55:46 - 更新home.pac
2025-02-18 13:55:46 - # --- END ADD DOMAIN LOG --- 2025-02-18 13:55:46 --- #
